<!DOCTYPE html PUBLIC "-//W3C//DTD XHTML 1.1//EN" "http://www.w3.org/TR/xhtml11/DTD/xhtml11.dtd">
<html xmlns="http://www.w3.org/1999/xhtml"><head><title>TestNG Report</title><style type="text/css">table {margin-bottom:10px;border-collapse:collapse;empty-cells:show}th,td {border:1px solid #009;padding:.25em .5em}th {vertical-align:bottom}td {vertical-align:top}table a {font-weight:bold}.stripe td {background-color: #E6EBF9}.num {text-align:right}.passedodd td {background-color: #3F3}.passedeven td {background-color: #0A0}.skippedodd td {background-color: #DDD}.skippedeven td {background-color: #CCC}.failedodd td,.attn {background-color: #F33}.failedeven td,.stripe .attn {background-color: #D00}.stacktrace {white-space:pre;font-family:monospace}.totop {font-size:85%;text-align:center;border-bottom:2px solid #000}</style></head><body><table><tr><th>Test</th><th># Passed</th><th># Skipped</th><th># Failed</th><th>Time (ms)</th><th>Included Groups</th><th>Excluded Groups</th></tr><tr><th colspan="7">FREE CRM Application Test Automation Regression Suite</th></tr><tr><td><a href="#t0">Free CRM Application Chrome Test Cases</a></td><td class="num">9</td><td class="num">0</td><td class="num attn">4</td><td class="num">297,837</td><td></td><td></td></tr></table><table><thead><tr><th>Class</th><th>Method</th><th>Start</th><th>Time (ms)</th></tr></thead><tbody><tr><th colspan="4">FREE CRM Application Test Automation Regression Suite</th></tr></tbody><tbody id="t0"><tr><th colspan="4">Free CRM Application Chrome Test Cases &#8212; failed</th></tr><tr class="failedeven"><td rowspan="2">com.crm.qa.TestCases.ContactsPageTest</td><td><a href="#m0">selectMultipleContactsTest</a></td><td rowspan="1">1565804180465</td><td rowspan="1">30079</td></tr><tr class="failedeven"><td><a href="#m1">selectSingleContactsTest</a></td><td rowspan="1">1565804130634</td><td rowspan="1">30083</td></tr><tr class="failedodd"><td rowspan="1">com.crm.qa.TestCases.HomePageTest</td><td><a href="#m2">verifyHomePageTitleTest</a></td><td rowspan="1">1565804043113</td><td rowspan="1">15</td></tr><tr class="failedeven"><td rowspan="1">com.crm.qa.TestCases.LoginPageTest</td><td><a href="#m3">loginPageTitleTest</a></td><td rowspan="1">1565803998056</td><td rowspan="1">37</td></tr><tr><th colspan="4">Free CRM Application Chrome Test Cases &#8212; passed</th></tr><tr class="passedeven"><td rowspan="4">com.crm.qa.TestCases.ContactsPageTest</td><td><a href="#m4">validateCreateNewContactTest</a></td><td rowspan="3">1565804277361</td><td rowspan="3">4715</td></tr><tr class="passedeven"><td><a href="#m5">validateCreateNewContactTest</a></td></tr><tr class="passedeven"><td><a href="#m6">validateCreateNewContactTest</a></td></tr><tr class="passedeven"><td><a href="#m7">verifyContactsPageLabelTest</a></td><td rowspan="1">1565804114257</td><td rowspan="1">43</td></tr><tr class="passedodd"><td rowspan="3">com.crm.qa.TestCases.HomePageTest</td><td><a href="#m8">verifyContactsLinkTest</a></td><td rowspan="1">1565804076017</td><td rowspan="1">1552</td></tr><tr class="passedodd"><td><a href="#m9">verifyDealsPageLinkTest</a></td><td rowspan="1">1565804094939</td><td rowspan="1">1637</td></tr><tr class="passedodd"><td><a href="#m10">verifyUserNameTest</a></td><td rowspan="1">1565804058831</td><td rowspan="1">109</td></tr><tr class="passedeven"><td rowspan="2">com.crm.qa.TestCases.LoginPageTest</td><td><a href="#m11">crmLogoImageTest</a></td><td rowspan="1">1565804009961</td><td rowspan="1">83</td></tr><tr class="passedeven"><td><a href="#m12">loginTest</a></td><td rowspan="1">1565804020524</td><td rowspan="1">5263</td></tr></tbody></table><h2>Free CRM Application Chrome Test Cases</h2><h3 id="m0">com.crm.qa.TestCases.ContactsPageTest#selectMultipleContactsTest</h3><table class="result"><tr class="param"><th>Parameter #1</th></tr><tr class="param stripe"><td>public void com.crm.qa.TestCases.ContactsPageTest.selectMultipleContactsTest(java.lang.reflect.Method)</td></tr><tr><th>Exception</th></tr><tr><td><div class="stacktrace">org.openqa.selenium.NoSuchElementException: no such element: Unable to locate element: {&quot;method&quot;:&quot;xpath&quot;,&quot;selector&quot;:&quot;//a[contains(text(),&apos;Sai Baba&apos;)]//parent::td[@class=&apos;datalistrow&apos;]//preceding-sibling::td[@class=&apos;datalistrow&apos;]//input[@name=&apos;contact_id&apos;]&quot;}
  (Session info: chrome=76.0.3809.100)
  (Driver info: chromedriver=2.40.565498 (ea082db3280dd6843ebfb08a625e3eb905c4f5ab),platform=Windows NT 6.1.7601 SP1 x86_64) (WARNING: The server did not provide any stacktrace information)
Command duration or timeout: 0 milliseconds
For documentation on this error, please visit: http://seleniumhq.org/exceptions/no_such_element.html
Build info: version: &apos;3.14.0&apos;, revision: &apos;aacccce0&apos;, time: &apos;2018-08-02T20:19:58.91Z&apos;
System info: host: &apos;ADMIN-PC&apos;, ip: &apos;172.20.10.3&apos;, os.name: &apos;Windows 7&apos;, os.arch: &apos;amd64&apos;, os.version: &apos;6.1&apos;, java.version: &apos;1.8.0_211&apos;
Driver info: org.openqa.selenium.chrome.ChromeDriver
Capabilities {acceptInsecureCerts: false, acceptSslCerts: false, applicationCacheEnabled: false, browserConnectionEnabled: false, browserName: chrome, chrome: {chromedriverVersion: 2.40.565498 (ea082db3280dd6..., userDataDir: C:\Users\Admin\AppData\Loca...}, cssSelectorsEnabled: true, databaseEnabled: false, handlesAlerts: true, hasTouchScreen: false, javascriptEnabled: true, locationContextEnabled: true, mobileEmulationEnabled: false, nativeEvents: true, networkConnectionEnabled: false, pageLoadStrategy: normal, platform: XP, platformName: XP, rotatable: false, setWindowRect: true, takesHeapSnapshot: true, takesScreenshot: true, unexpectedAlertBehaviour: , unhandledPromptBehavior: , version: 76.0.3809.100, webStorageEnabled: true}
Session ID: aa393282b5dc254136164c6551d465fc
*** Element info: {Using=xpath, value=//a[contains(text(),&apos;Sai Baba&apos;)]//parent::td[@class=&apos;datalistrow&apos;]//preceding-sibling::td[@class=&apos;datalistrow&apos;]//input[@name=&apos;contact_id&apos;]}
	at org.openqa.selenium.remote.ErrorHandler.createThrowable(ErrorHandler.java:214)
	at org.openqa.selenium.remote.ErrorHandler.throwIfResponseFailed(ErrorHandler.java:166)
	at org.openqa.selenium.remote.http.JsonHttpResponseCodec.reconstructValue(JsonHttpResponseCodec.java:40)
	at org.openqa.selenium.remote.http.AbstractHttpResponseCodec.decode(AbstractHttpResponseCodec.java:80)
	at org.openqa.selenium.remote.http.AbstractHttpResponseCodec.decode(AbstractHttpResponseCodec.java:44)
	at org.openqa.selenium.remote.HttpCommandExecutor.execute(HttpCommandExecutor.java:158)
	at org.openqa.selenium.remote.service.DriverCommandExecutor.execute(DriverCommandExecutor.java:83)
	at org.openqa.selenium.remote.RemoteWebDriver.execute(RemoteWebDriver.java:548)
	at org.openqa.selenium.remote.RemoteWebDriver.findElement(RemoteWebDriver.java:322)
	at org.openqa.selenium.remote.RemoteWebDriver.findElementByXPath(RemoteWebDriver.java:424)
	at org.openqa.selenium.By$ByXPath.findElement(By.java:353)
	at org.openqa.selenium.remote.RemoteWebDriver.findElement(RemoteWebDriver.java:314)
	at org.openqa.selenium.support.events.EventFiringWebDriver.lambda$new$1(EventFiringWebDriver.java:105)
	at com.sun.proxy.$Proxy11.findElement(Unknown Source)
	at org.openqa.selenium.support.events.EventFiringWebDriver.findElement(EventFiringWebDriver.java:194)
	at com.crm.qa.Pages.ContactsPage.selectContactByName(ContactsPage.java:40)
	at com.crm.qa.TestCases.ContactsPageTest.selectMultipleContactsTest(ContactsPageTest.java:69)
... Removed 32 stack frames</div></td></tr></table><p class="totop"><a href="#summary">back to summary</a></p><h3 id="m1">com.crm.qa.TestCases.ContactsPageTest#selectSingleContactsTest</h3><table class="result"><tr class="param"><th>Parameter #1</th></tr><tr class="param stripe"><td>public void com.crm.qa.TestCases.ContactsPageTest.selectSingleContactsTest(java.lang.reflect.Method)</td></tr><tr><th>Exception</th></tr><tr><td><div class="stacktrace">org.openqa.selenium.NoSuchElementException: no such element: Unable to locate element: {&quot;method&quot;:&quot;xpath&quot;,&quot;selector&quot;:&quot;//a[contains(text(),&apos;Sai Baba&apos;)]//parent::td[@class=&apos;datalistrow&apos;]//preceding-sibling::td[@class=&apos;datalistrow&apos;]//input[@name=&apos;contact_id&apos;]&quot;}
  (Session info: chrome=76.0.3809.100)
  (Driver info: chromedriver=2.40.565498 (ea082db3280dd6843ebfb08a625e3eb905c4f5ab),platform=Windows NT 6.1.7601 SP1 x86_64) (WARNING: The server did not provide any stacktrace information)
Command duration or timeout: 0 milliseconds
For documentation on this error, please visit: http://seleniumhq.org/exceptions/no_such_element.html
Build info: version: &apos;3.14.0&apos;, revision: &apos;aacccce0&apos;, time: &apos;2018-08-02T20:19:58.91Z&apos;
System info: host: &apos;ADMIN-PC&apos;, ip: &apos;172.20.10.3&apos;, os.name: &apos;Windows 7&apos;, os.arch: &apos;amd64&apos;, os.version: &apos;6.1&apos;, java.version: &apos;1.8.0_211&apos;
Driver info: org.openqa.selenium.chrome.ChromeDriver
Capabilities {acceptInsecureCerts: false, acceptSslCerts: false, applicationCacheEnabled: false, browserConnectionEnabled: false, browserName: chrome, chrome: {chromedriverVersion: 2.40.565498 (ea082db3280dd6..., userDataDir: C:\Users\Admin\AppData\Loca...}, cssSelectorsEnabled: true, databaseEnabled: false, handlesAlerts: true, hasTouchScreen: false, javascriptEnabled: true, locationContextEnabled: true, mobileEmulationEnabled: false, nativeEvents: true, networkConnectionEnabled: false, pageLoadStrategy: normal, platform: XP, platformName: XP, rotatable: false, setWindowRect: true, takesHeapSnapshot: true, takesScreenshot: true, unexpectedAlertBehaviour: , unhandledPromptBehavior: , version: 76.0.3809.100, webStorageEnabled: true}
Session ID: 57909534ded202f88df5c42f1387b9f6
*** Element info: {Using=xpath, value=//a[contains(text(),&apos;Sai Baba&apos;)]//parent::td[@class=&apos;datalistrow&apos;]//preceding-sibling::td[@class=&apos;datalistrow&apos;]//input[@name=&apos;contact_id&apos;]}
	at org.openqa.selenium.remote.ErrorHandler.createThrowable(ErrorHandler.java:214)
	at org.openqa.selenium.remote.ErrorHandler.throwIfResponseFailed(ErrorHandler.java:166)
	at org.openqa.selenium.remote.http.JsonHttpResponseCodec.reconstructValue(JsonHttpResponseCodec.java:40)
	at org.openqa.selenium.remote.http.AbstractHttpResponseCodec.decode(AbstractHttpResponseCodec.java:80)
	at org.openqa.selenium.remote.http.AbstractHttpResponseCodec.decode(AbstractHttpResponseCodec.java:44)
	at org.openqa.selenium.remote.HttpCommandExecutor.execute(HttpCommandExecutor.java:158)
	at org.openqa.selenium.remote.service.DriverCommandExecutor.execute(DriverCommandExecutor.java:83)
	at org.openqa.selenium.remote.RemoteWebDriver.execute(RemoteWebDriver.java:548)
	at org.openqa.selenium.remote.RemoteWebDriver.findElement(RemoteWebDriver.java:322)
	at org.openqa.selenium.remote.RemoteWebDriver.findElementByXPath(RemoteWebDriver.java:424)
	at org.openqa.selenium.By$ByXPath.findElement(By.java:353)
	at org.openqa.selenium.remote.RemoteWebDriver.findElement(RemoteWebDriver.java:314)
	at org.openqa.selenium.support.events.EventFiringWebDriver.lambda$new$1(EventFiringWebDriver.java:105)
	at com.sun.proxy.$Proxy11.findElement(Unknown Source)
	at org.openqa.selenium.support.events.EventFiringWebDriver.findElement(EventFiringWebDriver.java:194)
	at com.crm.qa.Pages.ContactsPage.selectContactByName(ContactsPage.java:40)
	at com.crm.qa.TestCases.ContactsPageTest.selectSingleContactsTest(ContactsPageTest.java:61)
... Removed 32 stack frames</div></td></tr></table><p class="totop"><a href="#summary">back to summary</a></p><h3 id="m2">com.crm.qa.TestCases.HomePageTest#verifyHomePageTitleTest</h3><table class="result"><tr class="param"><th>Parameter #1</th></tr><tr class="param stripe"><td>public void com.crm.qa.TestCases.HomePageTest.verifyHomePageTitleTest(java.lang.reflect.Method)</td></tr><tr><th>Exception</th></tr><tr><td><div class="stacktrace">java.lang.AssertionError: Home Page Title is not Matched expected [CRMPRO123] but found [CRMPRO]
	at com.crm.qa.TestCases.HomePageTest.verifyHomePageTitleTest(HomePageTest.java:53)
... Removed 30 stack frames</div></td></tr></table><p class="totop"><a href="#summary">back to summary</a></p><h3 id="m3">com.crm.qa.TestCases.LoginPageTest#loginPageTitleTest</h3><table class="result"><tr class="param"><th>Parameter #1</th></tr><tr class="param stripe"><td>public void com.crm.qa.TestCases.LoginPageTest.loginPageTitleTest(java.lang.reflect.Method)</td></tr><tr><th>Exception</th></tr><tr><td><div class="stacktrace">java.lang.AssertionError: expected [CRMPRO - CRM software for customer relationship management, sales, and support.123] but found [CRMPRO - CRM software for customer relationship management, sales, and support.]
	at com.crm.qa.TestCases.LoginPageTest.loginPageTitleTest(LoginPageTest.java:40)
... Removed 31 stack frames</div></td></tr></table><p class="totop"><a href="#summary">back to summary</a></p><h3 id="m4">com.crm.qa.TestCases.ContactsPageTest#validateCreateNewContactTest</h3><table class="result"><tr class="param"><th>Parameter #1</th><th>Parameter #2</th><th>Parameter #3</th><th>Parameter #4</th><th>Parameter #5</th></tr><tr class="param stripe"><td>public void com.crm.qa.TestCases.ContactsPageTest.validateCreateNewContactTest(java.lang.reflect.Method,java.lang.String,java.lang.String,java.lang.String,java.lang.String)</td><td>Mrs.</td><td>Muktha</td><td>Sharma</td><td>Ebay</td></tr></table><p class="totop"><a href="#summary">back to summary</a></p><h3 id="m5">com.crm.qa.TestCases.ContactsPageTest#validateCreateNewContactTest</h3><table class="result"><tr class="param"><th>Parameter #1</th><th>Parameter #2</th><th>Parameter #3</th><th>Parameter #4</th><th>Parameter #5</th></tr><tr class="param stripe"><td>public void com.crm.qa.TestCases.ContactsPageTest.validateCreateNewContactTest(java.lang.reflect.Method,java.lang.String,java.lang.String,java.lang.String,java.lang.String)</td><td>Mr.</td><td>Tom</td><td>Peter</td><td>Google</td></tr></table><p class="totop"><a href="#summary">back to summary</a></p><h3 id="m6">com.crm.qa.TestCases.ContactsPageTest#validateCreateNewContactTest</h3><table class="result"><tr class="param"><th>Parameter #1</th><th>Parameter #2</th><th>Parameter #3</th><th>Parameter #4</th><th>Parameter #5</th></tr><tr class="param stripe"><td>public void com.crm.qa.TestCases.ContactsPageTest.validateCreateNewContactTest(java.lang.reflect.Method,java.lang.String,java.lang.String,java.lang.String,java.lang.String)</td><td>Dr.</td><td>David</td><td>Cris</td><td>Amazon</td></tr></table><p class="totop"><a href="#summary">back to summary</a></p><h3 id="m7">com.crm.qa.TestCases.ContactsPageTest#verifyContactsPageLabelTest</h3><table class="result"><tr class="param"><th>Parameter #1</th></tr><tr class="param stripe"><td>public void com.crm.qa.TestCases.ContactsPageTest.verifyContactsPageLabelTest(java.lang.reflect.Method)</td></tr></table><p class="totop"><a href="#summary">back to summary</a></p><h3 id="m8">com.crm.qa.TestCases.HomePageTest#verifyContactsLinkTest</h3><table class="result"><tr class="param"><th>Parameter #1</th></tr><tr class="param stripe"><td>public void com.crm.qa.TestCases.HomePageTest.verifyContactsLinkTest(java.lang.reflect.Method)</td></tr></table><p class="totop"><a href="#summary">back to summary</a></p><h3 id="m9">com.crm.qa.TestCases.HomePageTest#verifyDealsPageLinkTest</h3><table class="result"><tr class="param"><th>Parameter #1</th></tr><tr class="param stripe"><td>public void com.crm.qa.TestCases.HomePageTest.verifyDealsPageLinkTest(java.lang.reflect.Method)</td></tr></table><p class="totop"><a href="#summary">back to summary</a></p><h3 id="m10">com.crm.qa.TestCases.HomePageTest#verifyUserNameTest</h3><table class="result"><tr class="param"><th>Parameter #1</th></tr><tr class="param stripe"><td>public void com.crm.qa.TestCases.HomePageTest.verifyUserNameTest(java.lang.reflect.Method)</td></tr></table><p class="totop"><a href="#summary">back to summary</a></p><h3 id="m11">com.crm.qa.TestCases.LoginPageTest#crmLogoImageTest</h3><table class="result"><tr class="param"><th>Parameter #1</th></tr><tr class="param stripe"><td>public void com.crm.qa.TestCases.LoginPageTest.crmLogoImageTest(java.lang.reflect.Method)</td></tr></table><p class="totop"><a href="#summary">back to summary</a></p><h3 id="m12">com.crm.qa.TestCases.LoginPageTest#loginTest</h3><table class="result"><tr class="param"><th>Parameter #1</th></tr><tr class="param stripe"><td>public void com.crm.qa.TestCases.LoginPageTest.loginTest(java.lang.reflect.Method)</td></tr></table><p class="totop"><a href="#summary">back to summary</a></p></body></html>